Change Component Comment : Designator=U3 Old Comment=AP7331-18WG-7 New Comment=AP7331
Added Component: Designator=R6(RESC1005X40N)
Add component (AddParameter): Name = "Availability"; Value = "Unavailable"; VariantName = "[No Variations]"
Add component (AddParameter): Name = "MF"; Value = ""; VariantName = "[No Variations]"
Add component (AddParameter): Name = "MP"; Value = "CRCW04021K02FKTD"; VariantName = "[No Variations]"
Add component (AddParameter): Name = "Package"; Value = "None"; VariantName = "[No Variations]"
Add component (AddParameter): Name = "Price"; Value = "None"; VariantName = "[No Variations]"
Add component (AddParameter): Name = "Value"; Value = "1020 Ohm"; VariantName = "[No Variations]"
Added Component: Designator=R7(RESC1005X35N)
Add component (AddParameter): Name = "Availability"; Value = "Unavailable"; VariantName = "[No Variations]"
Add component (AddParameter): Name = "MF"; Value = ""; VariantName = "[No Variations]"
Add component (AddParameter): Name = "MP"; Value = "CRCW0402255RFKEDC"; VariantName = "[No Variations]"
Add component (AddParameter): Name = "Package"; Value = "None"; VariantName = "[No Variations]"
Add component (AddParameter): Name = "Price"; Value = "None"; VariantName = "[No Variations]"
Add component (AddParameter): Name = "Value"; Value = "250 Ohm"; VariantName = "[No Variations]"
Added Pin To Net: NetName=NetC21_2 Pin=R6-2
Added Pin To Net: NetName=GND Pin=R7-1
Added Pin To Net: NetName=NetC20_2 Pin=U3-3
Added Pin To Net: NetName=NetR6_1 Pin=R6-1
Added Pin To Net: NetName=NetR6_1 Pin=R7-2
Added Pin To Net: NetName=NetR6_1 Pin=U3-4
Added Net: Name=NetR6_1
Added Member To Class: ClassName=Mikrobus_v2 Member=Component R6 1020 Ohm
Added Member To Class: ClassName=Mikrobus_v2 Member=Component R7 250 Ohm
Added Room: Name=Mikrobus_v2
