Removed Pin From Net: NetName=NetC15_2 Pin=C15-2
Removed Pin From Net: NetName=VREG Pin=C17-2
Removed Pin From Net: NetName=XTA Pin=R3-1
Removed Pin From Net: NetName=NetC11_1 Pin=R3-2
Change Component Footprint: Designator=C17 Old Footprint=C0402 New Footprint=WCAP-CSGP_885012205037
Change Component Footprint: Designator=C15 Old Footprint=WCAP-CSGP_885012205037 New Footprint=C0402
Change Component Comment : Designator=C15 Old Comment=0.1uF New Comment=470nF
Change Component Comment : Designator=R3 Old Comment=220 New Comment=220 Ohm
Change Component Comment : Designator=C17 Old Comment=470nF New Comment=0.1uF
Change component parameters: Designator = "C11" ("C11"); Footprint = "WCAP-CSGP_885012005055"; UniqueID = "\LATDBMEA" ("\LATDBMEA")
Change component parameters (AddParameter): Name = "Availability"; Value = "Unavailable"; VariantName = "[No Variations]"
Change component parameters (AddParameter): Name = "MF"; Value = ""; VariantName = "[No Variations]"
Change component parameters (AddParameter): Name = "MP"; Value = "885012005055"; VariantName = "[No Variations]"
Change component parameters (AddParameter): Name = "Package"; Value = "None"; VariantName = "[No Variations]"
Change component parameters (AddParameter): Name = "Price"; Value = "None"; VariantName = "[No Variations]"
Change component parameters (AddParameter): Name = "Value"; Value = "10pF"; VariantName = "[No Variations]"
Change component parameters: Designator = "C15" ("C15"); Footprint = "WCAP-CSGP_885012205037"; UniqueID = "\MSXPNDOW" ("\MSXPNDOW")
Change component parameters (AddParameter): Name = "Arrow_Americas-Purchase-URL"; Value = "https://snapeda.com/shop?store=Arrow+Americas&id=105580"; VariantName = "[No Variations]"
Change component parameters (AddParameter): Name = "Availability"; Value = "Unavailable"; VariantName = "[No Variations]"
Change component parameters (AddParameter): Name = "DigiKey-Purchase-URL"; Value = "https://snapeda.com/shop?store=DigiKey&id=105580"; VariantName = "[No Variations]"
Change component parameters (AddParameter): Name = "MF"; Value = "Yageo"; VariantName = "[No Variations]"
Change component parameters (AddParameter): Name = "Mouser-Purchase-URL"; Value = "https://snapeda.com/shop?store=Mouser&id=105580"; VariantName = "[No Variations]"
Change component parameters (AddParameter): Name = "MP"; Value = "CC0402KRX5R6BB474"; VariantName = "[No Variations]"
Change component parameters (AddParameter): Name = "Package"; Value = "0402 Yageo"; VariantName = "[No Variations]"
Change component parameters (AddParameter): Name = "Price"; Value = "None"; VariantName = "[No Variations]"
Change component parameters (AddParameter): Name = "SnapEDA_Link"; Value = "https://www.snapeda.com/parts/CC0402KRX5R6BB474/Yageo/view-part/105580/?ref=snap"; VariantName = "[No Variations]"
Change component parameters (AddParameter): Name = "Value"; Value = "470nF"; VariantName = "[No Variations]"
Change component parameters: Designator = "C17" ("C17"); Footprint = "C0402"; UniqueID = "\JZBRUBJI" ("\JZBRUBJI")
Change component parameters (AddParameter): Name = "Availability"; Value = "Warning"; VariantName = "[No Variations]"
Change component parameters (AddParameter): Name = "BuyPart"; Value = "https://www.snapeda.com/parts/885012205037/Wurth%20Electronics%20Inc/view-part/4217417/?ref=eda"; VariantName = "[No Variations]"
Change component parameters (AddParameter): Name = "DigiKey-Purchase-URL"; Value = "https://snapeda.com/shop?store=DigiKey&id=4217417"; VariantName = "[No Variations]"
Change component parameters (AddParameter): Name = "MF"; Value = "Wurth Electronics Inc"; VariantName = "[No Variations]"
Change component parameters (AddParameter): Name = "Mouser-Purchase-URL"; Value = "https://snapeda.com/shop?store=Mouser&id=4217417"; VariantName = "[No Variations]"
Change component parameters (AddParameter): Name = "MP"; Value = "885012205037"; VariantName = "[No Variations]"
Change component parameters (AddParameter): Name = "Package"; Value = "0402 Wurth Electronics"; VariantName = "[No Variations]"
Change component parameters (AddParameter): Name = "Price"; Value = "None"; VariantName = "[No Variations]"
Change component parameters (AddParameter): Name = "SnapEDA_Link"; Value = "https://www.snapeda.com/parts/885012205037/Wurth%20Electronics%20Inc/view-part/4217417/?ref=snap"; VariantName = "[No Variations]"
Change component parameters (AddParameter): Name = "Value"; Value = "0.1uF"; VariantName = "[No Variations]"
Change component parameters: Designator = "R3" ("R3"); Footprint = "RESC1005X40N"; UniqueID = "\ACYFSGEU" ("\ACYFSGEU")
Change component parameters (AddParameter): Name = "Availability"; Value = "Unavailable"; VariantName = "[No Variations]"
Change component parameters (AddParameter): Name = "MF"; Value = ""; VariantName = "[No Variations]"
Change component parameters (AddParameter): Name = "MP"; Value = "CRCW0402220RJNED"; VariantName = "[No Variations]"
Change component parameters (AddParameter): Name = "Package"; Value = "None"; VariantName = "[No Variations]"
Change component parameters (AddParameter): Name = "Price"; Value = "None"; VariantName = "[No Variations]"
Change component parameters (AddParameter): Name = "Value"; Value = "220 Ohm"; VariantName = "[No Variations]"
Added Pin To Net: NetName=VREG Pin=C15-2
Added Pin To Net: NetName=NetC15_2 Pin=C18-2
Added Pin To Net: NetName=NetC11_1 Pin=R3-1
Added Pin To Net: NetName=XTA Pin=R3-2
Change Net Name : Old Net Name=NetC15_2 New Net Name=NetC18_2
Added Pin To Net: NetName=NetC17_2 Pin=C17-2
Added Pin To Net: NetName=NetC17_2 Pin=U2-10
Added Pin To Net: NetName=NetC17_2 Pin=U2-11
Added Net: Name=NetC17_2
Added Room: Name=LoRA_Schematic_v2
Added Room: Name=Mikrobus_v2
