Added Component: Designator=C20(C0402)
Add component (AddParameter): Name = "Availability"; Value = "Unavailable"; VariantName = "[No Variations]"
Add component (AddParameter): Name = "MF"; Value = "Yageo"; VariantName = "[No Variations]"
Add component (AddParameter): Name = "MP"; Value = "CC0402KRX5R6BB105"; VariantName = "[No Variations]"
Add component (AddParameter): Name = "Package"; Value = "0402 Yageo"; VariantName = "[No Variations]"
Add component (AddParameter): Name = "Price"; Value = "None"; VariantName = "[No Variations]"
Add component (AddParameter): Name = "SnapEDA_Link"; Value = "https://www.snapeda.com/parts/CC0402KRX5R6BB105/Yageo/view-part/105546/?ref=snap"; VariantName = "[No Variations]"
Add component (AddParameter): Name = "Value"; Value = "1uF"; VariantName = "[No Variations]"
Added Component: Designator=C21(C0402)
Add component (AddParameter): Name = "Availability"; Value = "Unavailable"; VariantName = "[No Variations]"
Add component (AddParameter): Name = "MF"; Value = "Yageo"; VariantName = "[No Variations]"
Add component (AddParameter): Name = "MP"; Value = "CC0402KRX5R6BB105"; VariantName = "[No Variations]"
Add component (AddParameter): Name = "Package"; Value = "0402 Yageo"; VariantName = "[No Variations]"
Add component (AddParameter): Name = "Price"; Value = "None"; VariantName = "[No Variations]"
Add component (AddParameter): Name = "SnapEDA_Link"; Value = "https://www.snapeda.com/parts/CC0402KRX5R6BB105/Yageo/view-part/105546/?ref=snap"; VariantName = "[No Variations]"
Add component (AddParameter): Name = "Value"; Value = "1uF"; VariantName = "[No Variations]"
Added Component: Designator=FL1(BEADC1005X55N)
Add component (AddParameter): Name = "Availability"; Value = "Unavailable"; VariantName = "[No Variations]"
Add component (AddParameter): Name = "MF"; Value = ""; VariantName = "[No Variations]"
Add component (AddParameter): Name = "MP"; Value = "BLM15PG100SN1D"; VariantName = "[No Variations]"
Add component (AddParameter): Name = "Package"; Value = "None"; VariantName = "[No Variations]"
Add component (AddParameter): Name = "Price"; Value = "None"; VariantName = "[No Variations]"
Add component (AddParameter): Name = "Value"; Value = ""; VariantName = "[No Variations]"
Added Component: Designator=U2(SX)
Added Pin To Net: NetName=GND Pin=C20-1
Added Pin To Net: NetName=NetC20_2 Pin=C20-2
Added Pin To Net: NetName=GND Pin=C21-1
Added Pin To Net: NetName=NetC21_2 Pin=C21-2
Added Pin To Net: NetName=DIO3 Pin=FL1-1
Added Pin To Net: NetName=NetC15_2 Pin=FL1-2
Added Pin To Net: NetName=NetC5_1 Pin=U2-1
Added Pin To Net: NetName=GND Pin=U2-2
Added Pin To Net: NetName=XTA Pin=U2-3
Added Pin To Net: NetName=GND Pin=U2-5
Added Pin To Net: NetName=DIO3 Pin=U2-6
Added Pin To Net: NetName=VREG Pin=U2-7
Added Pin To Net: NetName=GND Pin=U2-8
Added Pin To Net: NetName=DCC_SW Pin=U2-9
Added Pin To Net: NetName=NetC18_2 Pin=U2-10
Added Pin To Net: NetName=NetC18_2 Pin=U2-11
Added Pin To Net: NetName=DIO2 Pin=U2-12
Added Pin To Net: NetName=DIO1 Pin=U2-13
Added Pin To Net: NetName=BUSY Pin=U2-14
Added Pin To Net: NetName=NRESET Pin=U2-15
Added Pin To Net: NetName=SPI_SO Pin=U2-16
Added Pin To Net: NetName=SPI_SI Pin=U2-17
Added Pin To Net: NetName=SPI_CLK Pin=U2-18
Added Pin To Net: NetName=SPI_SS Pin=U2-19
Added Pin To Net: NetName=GND Pin=U2-20
Added Pin To Net: NetName=RFI_P Pin=U2-21
Added Pin To Net: NetName=RFI_N Pin=U2-22
Added Pin To Net: NetName=RFO Pin=U2-23
Added Pin To Net: NetName=VR_PA Pin=U2-24
Added Member To Class: ClassName=Mikrobus Member=Component C20 1uF
Added Member To Class: ClassName=Mikrobus Member=Component C21 1uF
Added Member To Class: ClassName=LoRA_Schematic Member=Component FL1 BLM15PG100SN1D
Added Member To Class: ClassName=LoRA_Schematic Member=Component U2 SM1262
